[   0.000000] Initializing cgroup subsys cput
[    0.000000] Initializing cgroup subsys cpu
[    0.0000] Initializing cgroup subsys cpuacct
[    0.000000] Linux version 4.4.0-150-generic (buildd@lgw01-ad64036) (gcc version 5.4.0 20160609 (Ubutu5.4.0-ubntu1~16.04.10) ) #176-Ubuntu SMP Wed May 29 18:56:26 UTC 2019 (Ubuntu 4.4.0-150.176-generic 4.4.179)
[    0.000000] Command line: BOOT_IMAGE=/boot/vmlinuz-4.4.0-150-generic root=LABEL=cloudimg-rootfs ro console=tty1 console=ttyS0
[    0.000000] KERNEL supported cpus:
[    0.000000]   Intel GenuineIntel
[   0.000000]  AMD AuthenticAMD
[    0.000000]   Centaur CentaurHauls
[    0.000000] x86/fpu: xstate_offset[2]:  576, xstate_sizes[2]:  256
[    0.000000] x86/fpu: Supporting XSAVE feature 0x01: 'x87 floating point registers'
[    0.00000] x86/fpu: Supporting XSAVE feature 0x02: 'SSE registers'
[    0.000000] x86/fpu: Supporting XSAVE feature 0x04: 'AVX registers'
[    0.000000] x86/fpu: Enabled xstate featues0x7, context size is 832 bytes, using 'standard' format.
[    0.000000] e820: BIOS-provided physical RAM map:
[   000000]BIOS-e820: [mem 0x0000000000000000-0x000000000009fbff] usable
[    0.000000] BIOS-e820: [mem 0x000000000009fc00-0x000000000009ffff] reserved
[    0.000000] BIOS-e820: [mem 0x00000000000f0000-0x00000000000fffff] reserved
[    0.000000] BIOS-e820: [mem 0x0000000000100000-0x000000003ffeffff] usable
[    0.000000] BIOS-e820: [mem 0x000000003fff0000-0x000000003fffffff] ACPI data
[    0.000000] BIOS-e0: [mem 0x00000000fec00000-0x00000000ec00fff] reserved
[    0.000000]BIOS-e820: [mem 0x00000000fee00000-0x00000000fe00fff] reserved
[    0.000000] BIOS-e820:[mem0x00000000fffc000-00000000fffffff] reserved
[    0.000000] NX (Execute Disable) protectio: actie
[    0.000000] SMBIOS2. present.
[   .000000] Hypervisor detected: KVM
[    0.000000] Kernel/User page tables isolation: disabled
[    0.000000] e820: last_pfn = 0x3fff0 max_arch_pfn = 0x400000000
[    0.000000] MTRR: Disabled
[    0.000000] x86/PAT: MTRRs disabled, skping PT nitialation too.
[    0.000000] CU TRRsall blank - virtualized system.
[    0.000000] x86/PAT: Configuation [0-7]: WB  WT  UC- UC  WB  WT  UC- UC  
[    0.000000] found SMP MP-table at [mem 0x0009fff0-0x0009ffff] mapped at [ffff88000009fff0]
[    0.000000] Scanning 1 areas for low memory corruption
[    0.000000] RAMDISK: [mem 0x362fc000-0x37175fff]
[    0.000000] ACPI: Early table checksum verificaton dabled
[    0.000000] ACPI: RSDP 0x00000000000E0000 000024 (v02 VBOX  )
[    0.000000] ACPI: XSDT 0x000000003FFF0030 00003C (v01 VBOX   VBOXXSDT 00000001 ASL  00000061)
[    0.000000] ACPI: FACP 0x000000003FFF00F0 0000F4 (v04 VBOX   VBOXFACP 00000001 ASL  00000061)
[    0.000000] ACPI: DSDT 0x000000003FFF0470 0021FF (v02 VBOX   VBOXBIOS 00000002 INTL 20180105)
[    0.000000] ACPI: FACS 0x000000003FFF0200 000040
[    0.000000] ACPI: FACS 0x000000003FFF0200 000040
[    0.000000] ACPI: APIC 0x00000003FFF240 00005C (v02 VBOX   VBOXAPIC 00000001 ASL  00000061)
[    0.000000] ACPI: SSDT 0x000000003FFF02A0 0001CC (v01 VBOX VBOXCPUT 00000002 INTL 20180105)
[    0.000000] No NUMA configuration found
[    0.000000] Faking a node at [mem 0x0000000000000000-0x000000003ffeffff]
[    0.000000] NODE_DAT0) allocated me 0x3ffb000-0x3ffeffff]
[    0.000000] kvm-clock: Using msrs 4b564d01 and 4b564d00
[    0.000000] kvm-clock: cpu 0, msr 0:3ffe3001, primary cpu clock
[   0.000000] kvm-clock: using sched offset of 3874025073 cycles
[    0.000000] clocksource: kvm-clock: mask: 0xffffffffffffffff max_cycles: 0x1cd42e4dffb, max_idle_ns: 881590591483 ns
[    000000] Zone ranges:
[    0.000000]   DMA      [mem 0x0000000000001000-0x0000000000ffffff]
[    0.000000]   DMA32    [mem 0x00000001000000-0x000000003ffeffff]
[    0.000000]   Normal   empty
[    0.000000]   Device   empty
[    0.000000] Movable zone start for each node
[    0.000000] Early memory node ranges
[    0.000000]   node   0: [mem 0x0000000000001000-0x000000000009efff]
[    0.000000]   node   0: [mem 0x0000000000100000-0x00000003feff]
[    0.000000] Initmem setup node 0 [mem 0x0000000000001000-0x000000003ffeffff]
[    0.000000] ACPI: PM-Timer IO Port: 0x4008
[    0.000000] IOAPIC[0]: apic_id 2, version 32, adress 0xfec00000, GSI 0-23
[    0.000000]ACPIINT_SR_OR (bus 0 bus_irq 0 global_irq 2 dfl dfl)
[    0.000000] ACPI: INT_SRC_OVR (bus 0 bus_irq 9 global_irq 9 low level)
[  0.000000] Using ACPI (MADT) for SMP configuration information
[    0.000000] mpboot: Allowing 2 CPUs, 0hotplug CPUs
[   0.00000] PM: Registered nosave memory: [mem 0x00000000-0x00000fff]
[    0.000000] PM: Registered nosave memory: [mem 0x0009f000-0x0009ffff]
[    0.000000] PM Rgistred nosave memory: [mem 0x000a0000-0x000effff]
[    0.000000] PM: Registered nosave memory: [mem 0x00f0000-0x0fffff]
[    0.000000] e820: [em0x40000000-0xfebfffff] available for PCI evices
[   0.00000] Booting paravirtualized kernel on KVM
[    0.00000] clocksource: refined-jiffies: mask: 0xffffffff max_cycles: 0xffffffff, max_idle_ns: 7645519600211568 ns
[    0.000000] setup_percpu: NR_CPUS:512 nr_cpumask_bits:512 nr_cpu_ids:2 nr_node_ids:1
[    0.000000] PERCPU: Embedded 34 pages/cpu @ffff88003fc00000 s99480 r819 d1592 u1048576
[    0.000000] Built 1 zonelists in Node order, mobility grouping on.  Tota pages: 257912
[    0.000000] Policy zone: DMA32
[    0.000000] Knel command line: BOOT_IMAGE=/boot/vmlinuz-4.4.0-150-generic root=LABEL=cloudimg-rootfs ro console=tty1 console=ttyS0
[    0.000000] PID hash table entries: 4096 (order: 3, 32768 bytes)
[    0.000000] Memory: 997736K/1048120K available (8613kernel code, 1335K rwdata, 4028K rodata, 1484K init, 1284K bss 5384K reserved, 0K cma-reserved)
[    0.0000] SLUB: HWalign=64, Order=0-3, MinObjects=0, CPUs=2, Nodes=1
[    0.00000] Hierarchical RCU implementation.
[    0.000000] 	Buid-time adjustmnt oleaf fanout to 64.
[    0.000000] 	RCU restricting CPUs from NR_CPUS=512 to nr_cpu_ids=2.
[    0.000000] RCU: Adjusting geometry for rcu_fanout_leaf=64, nr_cpu_ids=2
[    0.000000] NR_IRQS:33024 nr_irqs:440 16
[    0.000000] Console: colour VGA+ 80x25
[    0.000000] console [tty1 eable
    0.000000] console [ttyS0] enabled
[    0.000000] tsc: Detected 1996.253 MHz processor
[    0.000000] tsc: Marking TSC unstable due to TSCs unsynchronized
[    0.008000] Calibrating delay loop (skipped) preset value.. 3992.50 BogoMIPS (lpj=7985012)
[    0.009449] pid_max: default: 32768 minimum: 301
[    0.012032] ACPI: Core revision 20150930
[    0.015008] ACPI: 2 ACPI AML tables successfully acquired and loaded
[    0.020618] Security Framework initialized
[    0.021902] Yama: becoming mindful.
[    0.024053] AppArmor: AppArmor initialized
[    0.028167] Dentry cache hash table entries: 131072 (order: 8, 1048576 bytes)
[    0.030461] Inode-cache hash table entries: 65536 (order: 7, 524288 bytes)
[    0.033440] Mount-cache hash table entries: 2048 (order: 2, 16384 bytes)
[    0.036033] Mountpoint-cache hash table entries: 2048 (order: 2, 16384 bytes)
[    0.040294] Initializing cgroup subsys io
[    0.044027] Initializing cgroup subsys memory
[    0.048041] Initializing cgroup subsys devices
[    0.052027] Initializing cgroup subsys freezer
[    0.056028] Initializing cgroup subsys net_cls
[    0.060061] Initializing cgroup subsys perf_event
[    0.064027] Initializing cgroup subsys net_prio
[    0.068036] Initializing cgroup subsys hugetlb
[    0.072025] Initializing cgroup subsys pids
[    0.121942] mce: CPU supports 0 MCE banks
[    0.124046] Last level iTLB entries: 4KB 512, 2MB 1024, 4MB 512
[    0.128020] Last level dTLB entries: 4KB 1024, 2MB 1024, 4MB 512, 1GB 0
[    0.132017] Spectre V2 : Spectre mitigation: LFENCE not serializing, switching to generic retpoline
[    0.136015] Spectre V2 : Mitigation: Full generic retpoline
[    0.140016] Spectre V2 : Spectre v2 / SpectreRSB mitigation: Filling RSB on context switch
[    0.144019] Speculative Store Bypass: Mitigation: Speculative Store Bypass disabled via prctl and seccomp
[    0.152060] Freeing SMP alternatives memory: 36K
[    0.164000] ftrace: allocating 32298 entries in 127 pages
[    0.216345] smpboot: APIC(0) Converting physical 0 to logical package 0
[    0.220026] smpboot: Max logical packages: 1
[    0.224485] x2apic enabled
[    0.226005] Switched APIC routing to physical x2apic.
[    0.232397] ..TIMER: vector=0x30 apic1=0 pin1=2 apic2=-1 pin2=-1
[    0.240000] smpboot: CPU0: AMD E2-9010 RADEON R2, 4 COMPUTE CORES 2C+2G (family: 0x15, model: 0x70, stepping: 0x0)
[    0.244035] Performance Events: Broken PMU hardware detected, using software events only.
[    0.248024] Failed to access perfctr msr (MSR c0010007 is 0)
[    0.272408] KVM setup paravirtual spinlock
[    0.278184] x86: Booting SMP configuration:
[    0.280017] .... node  #0, CPUs:      #1
[    0.008000] kvm-clock: cpu 1, msr 0:3ffe3041, secondary cpu clock
[    0.008000] mce: CPU supports 0 MCE banks
[    0.342371] x86: Booted up 1 node, 2 CPUs
[    0.344010] smpboot: Total of 2 processors activated (7985.01 BogoMIPS)
[    0.348943] devtmpfs: initialized
[    0.350424] evm: security.selinux
[    0.351617] evm: security.SMACK64
[    0.356012] evm: security.SMACK64EXEC
[    0.356012] evm: security.SMACK64TRANSMUTE
[    0.357443] evm: security.SMACK64MMAP
[    0.358710] evm: security.ima
[    0.360004] evm: security.capability
[    0.384038] clocksource: jiffies: mask: 0xffffffff max_cycles: 0xffffffff, max_idle_ns: 7645041785100000 ns
[    0.392043] futex hash table entries: 512 (order: 3, 32768 bytes)
[    0.404102] pinctrl core: initialized pinctrl subsystem
[    0.404102] RTC time: 20:13:06, date: 06/13/19
[    0.408665] NET: Registered protocol family 16
[    0.432053] cpuidle: using governor ladder
[    0.448035] cpuidle: using governor menu
[    0.452030] PCCT header not found.
[    0.456720] ACPI: bus type PCI registered
[    0.460006] acpiphp: ACPI Hot Plug PCI Controller Driver version: 0.5
[    0.461979] PCI: Using configuration type 1 for base access
[    0.464012] PCI: Using configuration type 1 for extended access
[    0.484236] ACPI: Added _OSI(Module Device)
[    0.496033] ACPI: Added _OSI(Processor Device)
[    0.497537] ACPI: Added _OSI(3.0 _SCP Extensions)
[    0.497537] ACPI: Added _OSI(Processor Aggregator Device)
[    0.513198] ACPI: Executed 1 blocks of module-level executable AML code
[    0.529120] ACPI: Interpreter enabled
[    0.540040] ACPI: (supports S0 S5)
[    0.548013] ACPI: Using IOAPIC for interrupt routing
[    0.560344] PCI: Using host bridge windows from ACPI; if necessary, use "pci=nocrs" and report a bug
[    0.566818] ACPI: PCI Root Bridge [PCI0] (domain 0000 [bus 00-ff])
[    0.580102] acpi PNP0A03:00: _OSC: OS supports [ExtendedConfig ASPM ClockPM Segments MSI]
[    0.600115] acpi PNP0A03:00: _OSC: OS now controls [PCIeHotplug PME AER PCIeCapability]
[    0.644554] PCI host bridge to bus 0000:00
[    0.660021] pci_bus 0000:00: root bus resource [io  0x0000-0x0cf7 window]
[    0.676019] pci_bus 0000:00: root bus resource [io  0x0d00-0xffff window]
[    0.684016] pci_bus 0000:00: root bus resource [mem 0x000a0000-0x000bffff window]
[    0.700019] pci_bus 0000:00: root bus resource [mem 0x40000000-0xfdffffff window]
[    0.728058] pci_bus 0000:00: root bus resource [bus 00-ff]
[    0.740533] pci 0000:00:01.1: legacy IDE quirk: reg 0x10: [io  0x01f0-0x01f7]
[    0.756017] pci 0000:00:01.1: legacy IDE quirk: reg 0x14: [io  0x03f6]
[    0.776020] pci 0000:00:01.1: legacy IDE quirk: reg 0x18: [io  0x0170-0x0177]
[    0.784018] pci 0000:00:01.1: legacy IDE quirk: reg 0x1c: [io  0x0376]
[    0.818372] pci 0000:00:07.0: quirk: [io  0x4000-0x403f] claimed by PIIX4 ACPI
[    0.824020] pci 0000:00:07.0: quirk: [io  0x4100-0x410f] claimed by PIIX4 SMB
[    0.874782] ACPI: PCI Interrupt Link [LNKA] (IRQs 5 9 10 *11)
[    0.892494] ACPI: PCI Interrupt Link [LNKB] (IRQs 5 9 *10 11)
[    0.900365] ACPI: PCI Interrupt Link [LNKC] (IRQs 5 *9 10 11)
[    0.908261] ACPI: PCI Interrupt Link [LNKD] (IRQs 5 9 10 *11)
[    0.916296] ACPI: Enabled 2 GPEs in block 00 to 07
[    0.925347] vgaarb: setting as boot device: PCI:0000:00:02.0
[    0.928000] vgaarb: device added: PCI:0000:00:02.0,decodes=io+mem,owns=io+mem,locks=none
[    0.940017] vgaarb: loaded
[    0.944010] vgaarb: bridge control possible 0000:00:02.0
[    0.948657] SCSI subsystem initialized
[    0.956566] ACPI: bus type USB registered
[    0.960098] usbcore: registered new interface driver usbfs
[    0.968059] usbcore: registered new interface driver hub
[    0.972434] usbcore: registered new device driver usb
[    0.984246] PCI: Using ACPI for IRQ routing
[    0.988503] NetLabel: Initializing
[    0.992016] NetLabel:  domain hash size = 128
[    1.000012] NetLabel:  protocols = UNLABELED CIPSOv4
[    1.004056] NetLabel:  unlabeled traffic allowed by default
[    1.024113] amd_nb: Cannot enumerate AMD northbridges
[    1.068129] clocksource: Switched to clocksource kvm-clock
[    1.101363] AppArmor: AppArmor Filesystem Enabled
[    1.115346] pnp: PnP ACPI init
[    1.120263] pnp: PnP ACPI: found 3 devices
[    1.137112] clocksource: acpi_pm: mask: 0xffffff max_cycles: 0xffffff, max_idle_ns: 2085701024 ns
[    1.140932] NET: Registered protocol family 2
[    1.150081] TCP established hash table entries: 8192 (order: 4, 65536 bytes)
[    1.154497] TCP bind hash table entries: 8192 (order: 5, 131072 bytes)
[    1.156535] TCP: Hash tables configured (established 8192 bind 8192)
[    1.158380] UDP hash table entries: 512 (order: 2, 16384 bytes)
[    1.170970] UDP-Lite hash table entries: 512 (order: 2, 16384 bytes)
[    1.174201] NET: Registered protocol family 1
[    1.182258] pci 0000:00:00.0: Limiting direct PCI/PCI transfers
[    1.184013] pci 0000:00:01.0: Activating ISA DMA hang workarounds
[    1.188651] Unpacking initramfs...
[    1.683904] Freeing initrd memory: 14824K
[    1.701185] clocksource: tsc: mask: 0xffffffffffffffff max_cycles: 0x398cb520d2b, max_idle_ns: 881590603874 ns
[    1.717109] platform rtc_cmos: registered platform RTC device (no PNP device found)
[    1.722448] Scanning for low memory corruption every 60 seconds
[    1.732497] audit: initializing netlink subsys (disabled)
[    1.741538] audit: type=2000 audit(1560456789.037:1): initialized
[    1.757940] Initialise system trusted keyring
[    1.769619] HugeTLB registered 2 MB page size, pre-allocated 0 pages
[    1.785570] zbud: loaded
[    1.790568] VFS: Disk quotas dquot_6.6.0
[    1.810702] VFS: Dquot-cache hash table entries: 512 (order 0, 4096 bytes)
[    1.871235] squashfs: version 4.0 (2009/01/31) Phillip Lougher
[    1.878434] fuse init (API version 7.23)
[    1.881421] Key type big_key registered
[    1.890364] Allocating IMA MOK and blacklist keyrings.
[    1.901787] Key type asymmetric registered
[    1.906454] Asymmetric key parser 'x509' registered
[    1.917332] Block layer SCSI generic (bsg) driver version 0.4 loaded (major 249)
[    1.934781] io scheduler noop registered
[    1.937681] io scheduler deadline registered (default)
[    1.941916] io scheduler cfq registered
[    1.949230] pci_hotplug: PCI Hot Plug PCI Core version: 0.5
[    1.953735] pciehp: PCI Express Hot Plug Controller Driver version: 0.4
[    1.973502] ACPI: AC Adapter [AC] (on-line)
[    1.976854] input: Power Button as /devices/LNXSYSTM:00/LNXPWRBN:00/input/input0
[    2.022123] ACPI: Power Button [PWRF]
[    2.058922] input: Sleep Button as /devices/LNXSYSTM:00/LNXSLPBN:00/input/input1
[    2.075186] ACPI: Sleep Button [SLPF]
[    2.083385] GHES: HEST is not enabled!
[    2.084604] ACPI: Battery Slot [BAT0] (battery present)
[    2.131386] Serial: 8250/1550 driver, 32 pots, IRQ sharing enabled

[    2.282315 00:02: ttyS0 atI/O 0x3f8 (irq = 4, base_baud = 115200) is a 16550A

[    2.371003] Linux agpgart interface v0.103
[    2.402611] loop: module loaded
[    2.407779] scsi host0: ata_piix
[    2.409750] scsi host1: ata_piix
[    2.422864] ata1: PATA max UDMA/33 cmd 0x1f0 ctl 0x3f6 bmdma 0xd000 irq 14
[    2.431673] ata2: PATA max UDMA/33 cmd 0x170 ctl 0x376 bmdma 0xd008 irq 15
[    2.434170] libphy: Fixed MDIO Bus: probed
[    2.436851] tun: Universal TUN/TAP device driver, 1.6
[    2.450286] tun: (C) 1999-2004 Max Krasnyansky <maxk@qualcomm.com>
[    2.452681] PPP generic driver version 2.4.2
[    2.463478] ehci_hcd: USB 2.0 'Enhanced' Host Controller (EHCI) Driver
[    2.466724] ehci-pci: EHCI PCI platform driver
[    2.485105] ehci-platform: EHCI generic platform driver
[    2.486883] ohci_hcd: USB 1.1 'Open' Host Controller (OHCI) Driver
[    2.499744] ohci-pci: OHCI PCI platform driver
[    2.502522] ohci-platform: OHCI generic platform driver
[    2.504431] uhci_hcd: USB Universal Host Controller Interface driver
[    2.512534] i8042: PNP: PS/2 Controller [PN0303:PS2K,PNP0f03:PS2M] at 0x60,0x64 irq 1,12
[   2.552836] serio: i8042 KBD port at 0x60,0x64 irq 1
[    2.556030] serio: i8042 AUX port at 0x60,0x64 irq 12
[    2.594986] mousedev: PS/2 mouse device common for all mice
[    2.598917] input: AT Translated Set 2 keyboard as /devices/platform/i8042/serio0/input/input2
[    2.603663] rtc_cmos rtc_cmos: rtc core: registered rtc_cmos as rtc0
[    2.607200] rtc_cmos rtc_cmos: alarms up to one day, 114 bytes nvram
[    2.612192] i2c /dev entries driver
[    2.613838] device-mapper: uevent: version 1.0.3
[    2.615724] device-mapper: ioctl: 4.34.0-ioctl (2015-10-28) initialised: dm-devel@redhat.com
[    2.631850] ledtrig-cpu: registered to indicate activity on CPUs
[    2.641830] NET: Registered protocol family 10
[    2.655220] NET: Registered protocol family 17
[    2.665404] Key type dns_resolver registered
[    2.677005] registered taskstats version 1
[    2.684679] Loading compiled-in X.509 certificates
[    2.688237] Loaded X.509 cert 'Build time autogenerated kernel key: a7915d3ef14e82ec7978a6e44664328aa121e7a5'
[    2.706219] zswap: loaded using pool lzo/zbud
[    2.720177] Key type trusted registered
[    2.815214] Key type encrypted registered
[    2.821885] AppArmor: AppArmor sha1 policy hashing enabled
[    2.829513] ima: No TPM chip found, activating TPM-bypass!
[    2.834279] ima: Allocated hash algorithm: sha1
[    2.841932] evm: HMAC attrs: 0x1
[    2.849636]   Magic number: 7:267:245
[    2.857314] rtc_cmos rtc_cmos: setting system clock to 2019-06-13 20:13:09 UTC (1560456789)
[    2.867526] BIOS EDD facility v0.16 2004-Jun-25, 0 devices found
[    2.873120] EDD information not available.
[    2.882124] Freeing unused kernel memory: 1484K
[    2.904082] Write protecting the kernel read-only data: 14336k
[    2.922782] Freeing unused kernel memory: 1616K
[    3.806131] Freeing unused kernel memory: 68K
Loading, please wait...
starting version[    3.849061] random: systemd-udevd: uninitialized urandom read (16 bytes read, 4 bits of entropy available)
 229
[    3.852563] random: udevadm: uninitialized urandom read (16 bytes read, 4 bits of entropy available)
[    3.852649] random: udevadm: uninitialized urandom read (16 bytes read, 4 bits of entropy available)
[    3.877691] random: systemd-udevd: uninitialized urandom read (16 bytes read, 4 bits of entropy available)
[    3.879632] random: udevadm: uninitialized urandom read (16 bytes read, 4 bits of entropy available)
[    3.879841] random: udevadm: uninitialized urandom read (16 bytes read, 4 bits of entropy available)
[    3.881247] random: udevadm: uninitialized urandom read (16 bytes read, 4 bits of entropy available)
[    3.881413] random: udevadm: uninitialized urandom read (16 bytes read, 4 bits of entropy available)
[    3.881559] random: udevadm: uninitialized urandom read (16 bytes read, 4 bits of entropy available)
[    3.881712] random: udevadm: uninitialized urandom read (16 bytes read, 4 bits of entropy available)
[    4.058326] e1000: Intel(R) PRO/1000 Network Driver - version 7.3.21-k8-NAPI
[    4.064640] e1000: Copyright (c) 1999-2006 Intel Corporation.
[    4.074387] Fusion MPT base driver 3.04.20
[    4.078337] Copyright (c) 1999-2008 LSI Corporation
[    4.098047] Fusion MPT SPI Host driver 3.04.20
[    4.145167] AVX2 version of gcm_enc/dec engaged.
[    4.149066] AES CTR mode by8 optimization enabled
[    4.310069] input: ImExPS/2 Generic Explorer Mouse as /devices/platform/i8042/serio1/input/input4
[    4.547881] e1000 0000:00:03.0 eth0: (PCI:33MHz:32-bit) 02:2e:c1:de:99:b7
[    4.554019] e1000 0000:00:03.0 eth0: Intel(R) PRO/1000 Network Connection
[    4.563445] mptbase: ioc0: Initiating bringup
[    4.573454] e1000 0000:00:03.0 enp0s3: renamed from eth0
[    4.628986] ioc0: LSI53C1030 A0: Capabilities={Initiator}
[    4.808210] scsi host2: ioc0: LSI53C1030 A0, FwRev=00000000h, Ports=1, MaxQ=256, IRQ=20
[    4.933236] scsi 2:0:0:0: Direct-Access     VBOX     HARDDISK         1.0  PQ: 0 ANSI: 5
[    4.945203] scsi target2:0:0: Beginning Domain Validation
[    4.961198] scsi target2:0:0: Domain Validation skipping write tests
[    5.326864] scsi target2:0:0: Ending Domain Validation
[    5.343831] scsi target2:0:0: asynchronous
[    5.347246] scsi 2:0:1:0: Direct-Access     VBOX     HARDDISK         1.0  PQ: 0 ANSI: 5
[    5.355838] scsi target2:0:1: Beginning Domain Validation
[    5.364716] scsi target2:0:1: Domain Validation skipping write tests
[    5.387729] scsi target2:0:1: Ending Domain Validation
[    5.390779] scsi target2:0:1: asynchronous
[    5.403700] sd 2:0:0:0: [sda] 20971520 512-byte logical blocks: (10.7 GB/10.0 GiB)
[    5.411042] sd 2:0:0:0: Attached scsi generic sg0 type 0
[    5.414865] sd 2:0:1:0: Attached scsi generic sg1 type 0
[    5.417999] sd 2:0:0:0: [sda] Write Protect is off
[    5.421532] sd 2:0:1:0: [sdb] 20480 512-byte logical blocks: (10.5 MB/10.0 MiB)
[    5.421791] sd 2:0:1:0: [sdb] Write Protect is off
[    5.421911] sd 2:0:1:0: [sdb] Incomplete mode parameter data
[    5.421914] sd 2:0:1:0: [sdb] Assuming drive cache: write through
[    5.456634] sd 2:0:1:0: [sdb] Attached SCSI disk
[    5.464607] sd 2:0:0:0: [sda] Incomplete mode parameter data
[    5.495713] sd 2:0:0:0: [sda] Assuming drive cache: write through
[    5.504369]  sda: sda1
[    5.512482] sd 2:0:0:0: [sda] Attached SCSI disk
Begin: Loading essential drivers ... [    7.365395] md: linear personality registered for level -1
[    7.373897] md: multipath personality registered for level -4
[    7.383388] md: raid0 personality registered for level 0
[    7.397529] md: raid1 personality registered for level 1
[    7.476343] raid6: sse2x1   gen()  3738 MB/s
[    7.544036] raid6: sse2x1   xor()  2472 MB/s
[    7.620097] raid6: sse2x2   gen()  4574 MB/s
[    7.728101] raid6: sse2x2   xor()  1868 MB/s
[    7.812322] raid6: sse2x4   gen()  2867 MB/s
[    7.884252] raid6: sse2x4   xor()  2093 MB/s
[    7.960098] raid6: avx2x1   gen()  5397 MB/s
[    8.060107] raid6: avx2x2   gen()  6565 MB/s
[    8.168095] raid6: avx2x4   gen()  2728 MB/s
[    8.178713] raid6: using algorithm avx2x2 gen() 6565 MB/s
[    8.181789] raid6: using avx2x2 recovery algorithm
[    8.228991] xor: automatically using best checksumming function:
[    8.276183]    avx       :  4621.000 MB/sec
[    8.280209] async_tx: api initialized (async)
[    8.303201] md: raid6 personality registered for level 6
[    8.305316] md: raid5 personality registered for level 5
[    8.312649] md: raid4 personality registered for level 4
[    8.333222] md: raid10 personality registered for level 10
done.
Begin: Running /scripts/init-premount ... done.
Begin: Mounting root file system ... Begin: Running /scripts/local-top ... done.
Begin: Running /scripts/local-premount ... [    8.418207] Btrfs loaded
Scanning for Btrfs filesystems
done.
Warning: fsck not present, so skipping root file system
[    8.510819] EXT4-fs (sda1): mounted filesystem with ordered data mode. Opts: (null)
done.
Begin: Running /scripts/local-bottom ... done.
Begin: Running /scripts/init-bottom ... done.
[    9.192667] systemd[1]: systemd 229 running in system mode. (+PAM +AUDIT +SELINUX +IMA +APPARMOR +SMACK +SYSVINIT +UTMP +LIBCRYPTSETUP +GCRYPT +GNUTLS +ACL +XZ -LZ4 +SECCOMP +BLKID +ELFUTILS +KMOD -IDN)
[    9.228154] systemd[1]: Detected virtualization oracle.
[    9.265184] systemd[1]: Detected architecture x86-64.

Welcome to [1mUbuntu 16.04.6 LTS[0m!

[    9.856342] systemd[1]: Set hostname to <ubuntu>.
[    9.922237] systemd[1]: Inializig machine ID fromradom generator.
[    9.92582] systemd[1]: Installed trasie /etc/machine-idfie.

[   10.534920] random: nonblocking pool is initialized
[   11.310223] systemd[1]: Listening on /dev/initctl Compatibility Named Pipe.
[[0;32m  OK  [0m] Listening on /dev/initctl Compatibility Named Pipe.
[   11.317704] systemd[1]: Listening on Device-mapper event daemon FIFOs.
[[0;32m  OK  [0m] Listening on Device-mapper event daemon FIFOs.
[   11.324714] systemd[1]: Reached target Swap.
[[0;32m  OK  [0m] Reached target Swap.
[  11.356545] systemd[1]: Reached target System Time Synchronized.
[[0;32m  OK  [0m] Reached target System Time Synchronized.
[  12.216971] sysemd[1]:Set up automount Arbitrary Executable File Formats File System Automount Poin.

[[0;32m  OK  [0m] Set up automount Arbitrary Executab...ats File System Automount Point.
[  12.416571] systemd[1]: Reached target Encrypted Volumes.
[[0;32m  OK  [0m] Reached target Encrypted Volumes.
[  13.01658 systemd[1]: Listening on udev Kernel Socket.
[[0;32m  OK  [0m] Listening on udev Kernel Socket.
[   13.215797]systemd[1]: Listening on LVM2 metadata daemon socket.

[[0;32m  OK  [0m] Listening on LVM2 metadata daemon socket.
[   13274525] systemd[1]: Listening on Syslog Socket.

[[0;32m  OK  [0m] Listening on Syslog Socket.
[  13.332607] stemd[1]: Reaced target User and Group Name Lookups.
[[0;32m  OK  [0m] Reached target User and Group Name Lookups.
[   14.224950] systemd[1]: Started Trigger resolvconf update for networkd DNS.
[[0;32m  OK  [0m] Started Trigger resolvconf update for networkd DNS.
[   4.8071] systemd[1]: Listening on LVM2 poll daemon socket.

[[0;32m  OK  [0m] Listening on LVM2 poll daemon socket.
[   14.412094] ystemd[1]: Listening on Journal Socet.
[[0;32m  OK  [0m] Listening on Journal Socket.
[ 15.237401] systemd[1]: Created slice User and Session Slice.
[[0;32m  OK  [0m] Created slice User and Session Slice.
[   6.219169] systemd[1 Listein on udev onrol Socket.

[[0;32m  OK  [0m] Listening on udev Control Socket.
[   6.519133] systemd[1]: Listening on Journal Audit Socket.
[[0;32m  OK  [0m] Listening on Journal Audit Socket.
[  16.621546] systemd[1]: Created slice System Slice.
[[0;32m  OK  [0m] Created slice System Slice.
[   16.856626] systemd[1]: Mounting Debug File System...
         Mounting Debug File System...
[   16.932877] systemd[1]: Starting Load Kernel Modules...
         Starting Load Kernel Modules...
[   16.949577] systemd[1]: Starting Uncomplicated firewall...
         Starting Uncomplicated firewall...
[   17.004783] systemd[1]: Starting Remount Root and Kernel File Systems...
         Starting Remount Root and Kernel File Systems...
[   17.032926] systemd[1]: Mounting Huge Pages File System...
[   17.039016] Loading iSCSI transport class v2.0-870.
         Mounting Huge Pages Fil[   17.050334] EXT4-fs (sda1): re-mounted. Opts: (null)
e System...
[   17.058742] systemd[1]: Starting Nameserver information manager...
         Starting Nameserver information manager...
[   17.076544] iscsi: registered transport (tcp)
[   17.089580] systemd[1]: Reached target Slices.
[[0;32m  OK  [0m] Reached target Slices.
[   17.109413] systemd[1]: Mounting POSIX Message Queue File System...
         Mounting POSIX Message Queue File System...
[   17.119922] systemd[1]: Starting Monitoring of LVM2 mirrors, snapshots etc. using dmeventd or progress polling...
         Starting Monitoring of LVM2 mirrors... dmeventd or progress polling...
[   17.139454] systemd[1]: Starting Set console keymap...
         Starting Set console keymap...
[   17.149319] systemd[1]: Created slice system-serial\x2dgetty.slice.
[[0;32m  OK  [0m] Created slice system-serial\x2dgetty.slice.
[   17.224444] systemd[1]: Starting Create list of required static device nodes for the current kernel...
         Starting Create list of required st... nodes for the current kernel...
[   17.264716] systemd[1]: Listening on Journal Socket (/dev/log).
[[0;32m  OK  [0m] Listening on Journal Socket (/dev/log).
[   17.283900] systemd[1]: Started Forward Password Requests to Wall Directory Watch.
[[0;32m  OK  [0m] Started Forward Password Requests to Wall Directory Watch.
[   17.312835] systemd[1]: Starting Journal Service...
         Starting Journal Service...
[   17.341052] systemd[1]: Mounted POSIX Message Queue File System.
[[0;32m  OK  [0m] Mounted POSIX Message Queue File System.
[   17.362210] iscsi: registered transport (iser)
[   17.388896] systemd[1]: Mounted Debug File System.
[[0;32m  OK  [0m] Mounted Debug File System.
[   17.405349] systemd[1]: Mounted Huge Pages File System.
[[0;32m  OK  [0m] Mounted Huge Pages File System.
[   17.414438] systemd[1]: Started Load Kernel Modules.
[[0;32m  OK  [0m] Started Load Kernel Modules.
[   17.430788] systemd[1]: Started Uncomplicated firewall.
[[0;32m  OK  [0m] Started Uncomplicated firewall.
[   17.439890] systemd[1]: Started Remount Root and Kernel File Systems.
[[0;32m  OK  [0m] Started Remount Root and Kernel File Systems.
[   17.471286] systemd[1]: Started Set console keymap.
[[0;32m  OK  [0m] Started Set console keymap.
[   17.486026] systemd[1]: Started Create list of required static device nodes for the current kernel.
[[0;32m  OK  [0m] Started Create list of required sta...ce nodes for the current kernel.
[   17.532613] systemd[1]: Started Nameserver information manager.
[[0;32m  OK  [0m] Started Nameserver information manager.
[   17.548752] systemd[1]: Started Journal Service.
[[0;32m  OK  [0m] Started Journal Service.
[[0;32m  OK  [0m] Started LVM2 metadata daemon.
         Starting Create Static Device Nodes in /dev...
         Starting Flush Journal to Persistent Storage...
         Starting Load/Save Random Seed...
         Starting udev Coldplug all Devices...
         Mounting FUSE Control File System...
         Starting Apply Kernel Variables...
[[0;32m  OK  [0m] Mounted FUSE Control File System.
[[0;32m  OK  [0m] Started Load/Save Random Seed.
[[0;32m  OK  [0m] Started Apply Kernel Variables.
[[0;32m  OK  [0m] Started Create Static Device Nodes in /dev.
[[0;32m  OK  [0m] Started Flush Journal to Persistent Storage.
         Starting udev Kernel Device Manager...
[[0;32m  OK  [0m] Started udev Coldplug all Devices.
[[0;32m  OK  [0m] Started Monitoring of LVM2 mirrors,...ng dmeventd or progress polling.
[[0;32m  OK  [0m] Reached target Local File Systems (Pre).
[[0;32m  OK  [0m] Reached target Local File Systems.
         Starting Create Volatile Files and Directories...
         Starting Tell Plymouth To Write Out Runtime Data...
         Starting Initial cloud-init job (pre-networking)...
         Starting Commit a transient machine-id on disk...
         Starting Set console font and keymap...
         Starting LSB: AppArmor initialization...
[[0;32m  OK  [0m] Started udev Kernel Device Manager.
[[0;32m  OK  [0m] Started Tell Plymouth To Write Out Runtime Data.
[[0;32m  OK  [0m] Started Create Volatile Files and Directories.
[[0;32m  OK  [0m] Started Commit a transient machine-id on disk.
         Starting Update UTMP about System Boot/Shutdown...
[[0;32m  OK  [0m] Started Dispatch Password Requests to Console Directory Watch.
[[0;32m  OK  [0m] Started Update UTMP about System Boot/Shutdown.
[[0;32m  OK  [0m] Found device /dev/ttyS0.
[[0;32m  OK  [0m] Listening on Load/Save RF Kill Switch Status /dev/rfkill Watch.
[[0;32m  OK  [0m] Started Set console font and keymap.
[[0;32m  OK  [0m] Created slice system-getty.slice.
[[0;32m  OK  [0m] Started LSB: AppArmor initialization.
[   24.624218] cloud-init[501]: Cloud-init v. 19.1-1-gbaa47854-0ubuntu1~16.04.1 running 'init-local' at Thu, 13 Jun 2019 20:13:30 +0000. Up 23.55 seconds.
[[0;32m  OK  [0m] Started Initial cloud-init job (pre-networking).
[[0;32m  OK  [0m] Reached target Network (Pre).
         Starting Raise network interfaces...
[[0;32m  OK  [0m] Started Raise network interfaces.
[[0;32m  OK  [0m] Reached target Network.
         Starting Initial cloud-init job (metadata service crawler)...
[   29.668956] cloud-init[970]: Cloud-init v. 19.1-1-gbaa47854-0ubuntu1~16.04.1 running 'init' at Thu, 13 Jun 2019 20:13:33 +0000. Up 26.66 seconds.
[   29.690115] cloud-init[970]: ci-info: ++++++++++++++++++++++++++++++++++++++Net device info++++++++++++++++++++++++++++++++++++++
[   29.699280] cloud-init[970]: ci-info: +--------+------+----------------------------+---------------+--------+-------------------+
[   29.709285] cloud-init[970]: ci-info: | Device |  Up  |          Address           |      Mask     | Scope  |     Hw-Address    |
[   29.718120] cloud-init[970]: ci-info: +--------+------+----------------------------+---------------+--------+-------------------+
[   29.727683] cloud-init[970]: ci-info: | enp0s3 | True |         10.0.2.15          | 255.255.255.0 | global | 02:2e:c1:de:99:b7 |
[   29.735789] cloud-init[970]: ci-info: | enp0s3 | True | fe80::2e:c1ff:fede:99b7/64 |       .       |  link  | 02:2e:c1:de:99:b7 |
[   29.744957] cloud-init[970]: ci-info: |   lo   | True |         127.0.0.1          |   255.0.0.0   |  host  |         .         |
[   29.753829] cloud-init[970]: ci-info: |   lo   | True |          ::1/128           |       .       |  host  |         .         |
[   29.763377] cloud-init[970]: ci-info: +--------+------+----------------------------+---------------+--------+-------------------+
[   29.771612] cloud-init[970]: ci-info: +++++++++++++++++++++++++++Route IPv4 info++++++++++++++++++++++++++++
[   29.787011] cloud-init[970]: ci-info: +-------+-------------+----------+---------------+-----------+-------+
[   29.795478] cloud-init[970]: ci-info: | Route | Destination | Gateway  |    Genmask    | Interface | Flags |
[   29.803510] cloud-init[970]: ci-info: +-------+-------------+----------+---------------+-----------+-------+
[   29.811412] cloud-init[970]: [[0;32m  OK  [0m] Started Initial cloud-init job (metadata service crawler).
[[0;32m  OK  [0m] Reached target Network is Online.
ci-info: |   0   |   0.0.0.0   | 10.0.2.2 |    0.0.0.0    |   enp0s3  |   UG  |
[   29.846388]          Starting iSCSI initiator daemon (iscsid)...
cloud-init[970]: ci-info: |   1   |   10.0.2.0  | 0.0.0.0  | 255.255.255.0 |   enp0s3  |   U   |
[   29.885061] [[0;32m  OK  [0m] Reached target System Initialization.
[[0;32m  OK  [0m] cloud-initListening on UUID daemon activation socket.[970]: 
ci-info: +-------+-------------+----------+---------------+-----------+-------+
[   29.951563] [[0;32m  OK  [0m] Started Daily apt download activities.
cloud-init[970]: ci-info: +++++++++++++++++++Route IPv6 info+++++++++++++++++++
[   29.996851] [cloud-init[0;32m  OK  [0m[970]: ] ci-info: +-------+-------------+---------+-----------+-------+Listening on ACPID Listen Socket.

[   29.997640] cloud-init[970]: ci-info: | Route | Destination | Gateway | Interface | Flags |
[   30.228123] [cloud-init[0;32m  OK  [0m[970]: ] ci-info: +-------+-------------+---------+-----------+-------+Started ACPI Events Check.

[[0;32m  OK  [0m] Reached target Paths.
[[0;32m  OK  [0m] Started Daily Cleanup of Temporary Directories.
[   30.229137] cloud-init[970]: ci-info: |   0   |  fe80::/64  |    ::   |   enp0s3  |   U   |
[   30.530080] cloud-init[970]: ci-info: |   3   |   ff00::/8  |    ::   |   enp0s3  |   U   |
[   30.530380] cloud-init[970]: ci-info: +-------+-------------+---------+-----------+-------+
         Starting LXD - unix socket.
[   30.531158] cloud-init[970]: Generating public/private rsa key pair.
[[0;32m  OK  [0m] Listening on D-Bus System Message Bus Socket.
[   30.670923] cloud-init[970]: Your identification has been saved in /etc/ssh/ssh_host_rsa_key.
         Starting Socket activation for snappy daemon.
[[   30.757665] cloud-init[970]: Your public key has been saved in /etc/ssh/ssh_host_rsa_key.pub.
[0;32m  OK  [0m] Started Daily apt upgrade and clean activities.
[   30.826353] cloud-init[970]: The key fingerprint is:
[   30.950644] cloud-init[970]: SHA256:CBg/wmfhYWy+Q/yCkiEOQFj5reDxgLn/QiuOVTbHQFk root@ubuntu-xenial
[[0;32m  OK  [0m] Reached target Timers.
[[0;32m  OK  [0m] Reached target Cloud-config availability.
[   30.984690] cloud-init[970]: The key's randomart image is:
[[0;32m  OK  [0m] Listening on LXD - unix socket.
[[0;32m  OK  [0m] Listening on Socket activation for snappy daemon.
[   31.031708] cloud-init[970]: +---[RSA 2048]----+
[   31.062711] cloud-init[970]: |oooo=oE          |
[   31.081087] [[0;32m  OK  [0m] Started iSCSI initiator daemon (iscsid).
cloud-init[970]: |o..B+o           |
[   31.110161] cloud-init[970]: |.o+=O.           |
[   31.122930] cloud-init[970]: |* ++==..         |
[   31.128491] cloud-init[970]: |+= B+++ S        |
[   31.188940] cloud-init[970]: |+.+o*o.          |
         Starting Login to default iSCSI targets...
[[0;32m  OK  [0m] Reached target Sockets.
[   31.198040] cloud-init[970]: | +.. o           |
[[0;32m  OK  [0m] Reached target Basic System.
[   31.234363] cloud-init[970]: |o.+              |
[   31.246508] cloud-init[970]: |oo o.            |
[   31.256211] cloud-init[970]: +----[SHA256]-----+
         Starting Pollinate to seed the pseudo random number generator...
[   31.272997] [[0;32m  OK  [0m] Started FUSE filesystem for LXC.
cloud-init[970]: Generating public/private dsa key pair.
         Starting LSB: Record successful boot for GRUB...
[   31.361886] cloud-init[970]: Your identification has been saved in /etc/ssh/ssh_host_dsa_key.
[   31.451042] cloud-init[970]: Your public key has been saved in /etc/ssh/ssh_host_dsa_key.pub.
[   31.465605] cloud-init[970]: The key fingerprint is:
[   31.477651] cloud-init[970]: SHA256:TrrTa44/vQ/02Lqto52FtX+zIOEiniRhXIGQSx+s+qQ root@ubuntu-xenial
[[0;32m  OK  [0m] Started Regular background program processing daemon.
[   31.506975] cloud-init[970]: The key's randomart image is:
[   31.519949] cloud-init[970]: +---[DSA 1024]----+
[   31.530600] [[0;32m  OK  [0m] Started D-Bus System Message Bus.
cloud-init[970]: |   .+ ..         |
[   31.564285] cloud-init[970]: |   o +  .        |
[   31.571743] cloud-init[970]: |  . + ..         |
[   31.581565] cloud-init[970]: |   o...          |
[   31.591217] cloud-init[970]: |  .  +  S ...    |
[   31.598894] cloud-init[970]: | . .. .+ ..*..   |
[   31.608843] cloud-init[970]: |  +  ..+.o+o=.   |
[   31.617454] cloud-init[970]: | E .  =o*.+*.....|
[   31.638646] cloud-init[970]: |      oB=+B*o .oo|
[   31.661507] cloud-init[970]: +----[SHA256]-----+
[   31.685370] cloud-init[970]: Generating public/private ecdsa key pair.
[   31.709607] cloud-init[970]: Your identification has been saved in /etc/ssh/ssh_host_ecdsa_key.
[   31.725392] cloud-init[970]: Your public key has been saved in /etc/ssh/ssh_host_ecdsa_key.pub.
[   31.745614] cloud-init[970]: The key fingerprint is:
[   31.782203] cloud-init[970]: SHA256:VF/a9d1Qt+gxpR562OqIs+UydqPk943ITTcdHm8nxHI root@ubuntu-xenial
[   31.813952] cloud-init[970]: The key's randomart image is:
[   31.866427] cloud-init[970]: +---[ECDSA 256]---+
[   31.874056] cloud-init[970]: |          .   oo+|
[   31.879855] cloud-init[970]: |         . . ++o*|
[   31.886314] cloud-init[970]: |        .   o*..+|
[   31.891645] cloud-init[970]: |       .    *.+  |
[   31.899937] cloud-init[970]: |        S  o.=Eo |
[   31.910809] cloud-init[970]: |            o+o +|
[   31.926655] cloud-init[970]: |       . . o o.o+|
[   31.938246] cloud-init[970]: |      o==+* + .o.|
[   31.946266] cloud-init[970]: |      .=O=o= .   |
[   31.952917] cloud-init[970]: +----[SHA256]-----+
[   31.960884] cloud-init[970]: Generating public/private ed25519 key pair.
[   31.970537] cloud-init[970]: Your identification has been saved in /etc/ssh/ssh_host_ed25519_key.
[   31.984286] cloud-init[970]: Your public key has been saved in /etc/ssh/ssh_host_ed25519_key.pub.
[   31.990528] cloud-init[970]: The key fingerprint is:
[   32.000378] cloud-init[970]: SHA256:wdjuQ5CYrbrilooDj6N8+uP3jUSDg93HcCIJ8ST9pUI root@ubuntu-xenial
[   32.008889] cloud-init[970]: The key's randomart image is:
[   32.059543] cloud-init[970]: +--[ED25519 256]--+
         Starting /etc/rc.local Compatibility...
[   32.085528] cloud-init[970]: |   +o.           |
[   32.156774]          Starting System Logging Service...
         Starting Virtualbox guest utils...
cloud-init[970]:          Starting Snappy daemon...
|    =E.= .       |         Starting Accounts Service...

[   32.229246] [[0;32m  OK  [0m] Started ACPI event daemon.
cloud-init[970]: |    ++*o*.       |
         Starting LSB: MD monitoring daemon...
         Starting Login Service...
[[0;32m  OK  [0m] Started Deferred execution scheduler.
         Starting LXD - container startup/shutdown...
[[0;32m  OK  [0m] Started /etc/rc.local Compatibility.
[   32.270997] cloud-init[970]: |    oo+==.       |
[   32.340819] cloud-init[970]: |   ..+.+So       |
[   32.364537] cloud-init[970]: |.  .  ooo        |
[   32.395947] cloud-init[970]: |.oo    .o        |
[   32.415313] cloud-init[970]: |Bo.+ .. o.       |
[   32.460236] cloud-init[970]: |OB*oo .o .       |
[   32.495907] cloud-init[970]: +----[SHA256]-----+
[[0;32m  OK  [0m] Started System Logging Service.
[[0;32m  OK  [0m] Started Login to default iSCSI targets.
[[0;32m  OK  [0m] Started LSB: Record successful boot for GRUB.
[[0;32m  OK  [0m] Reached target Remote File Systems (Pre).
[[0;32m  OK  [0m] Reached target Remote File Systems.
         Starting Permit User Sessions...
         Starting LSB: automatic crash report generation...
         Starting LSB: daemon to balance interrupts for SMP systems...
         Starting LSB: Set the CPU Frequency Scaling governor to "ondemand"...
[[0;32m  OK  [0m] Started LSB: MD monitoring daemon.
[[0;32m  OK  [0m] Started Permit User Sessions.
[[0;32m  OK  [0m] Started Login Service.
         Starting Authenticate and Authorize Users to Run Privileged Tasks...
[[0;32m  OK  [0m] Started Unattended Upgrades Shutdown.
         Starting Hold until boot process finishes up...
         Starting Terminate Plymouth Boot Screen...
[[0;32m  OK  [0m] Started LSB: automatic crash report generation.
[[0;32m  OK  [0m] Started LSB: Set the CPU Frequency Scaling governor to "ondemand".
[[0;32m  OK  [0m] Started LSB: daemon to balance interrupts for SMP systems.
[[0;32m  OK  [0m] Started Hold until boot process finishes up.
[[0;32m  OK  [0m] Started Getty on tty1.
[[0;32m  OK  [0m] Started Serial Getty on ttyS0.
[[0;32m  OK  [0m] Reached target Login Prompts.
         Starting Set console scheme...
[[0;32m  OK  [0m] Started Terminate Plymouth Boot Screen.
[[0;32m  OK  [0m] Started Set console scheme.
[[0;32m  OK  [0m] Started Virtualbox guest utils.
[[0;32m  OK  [0m] Started Authenticate and Authorize Users to Run Privileged Tasks.
[[0;32m  OK  [0m] Started Accounts Service.
[[0;32m  OK  [0m] Started Pollinate to seed the pseudo random number generator.
         Starting OpenBSD Secure Shell server...
[[0;32m  OK  [0m] Started LXD - container startup/shutdown.
[[0;32m  OK  [0m] Started OpenBSD Secure Shell server.
[[0;32m  OK  [0m] Started Snappy daemon.
         Starting Wait until snapd is fully seeded...
[[0;32m  OK  [0m] Created slice User Slice of vagrant.
         Starting User Manager for UID 1000...
[[0;32m  OK  [0m] Started Session 1 of user vagrant.
[[0;32m  OK  [0m] Started User Manager for UID 1000.
[[0;32m  OK  [0m] Started Wait until snapd is fully seeded.
         Starting Apply the settings specified in cloud-config...
[[0;32m  OK  [0m] Reached target Multi-User System.
[[0;32m  OK  [0m] Reached target Graphical Interface.
         Starting Update UTMP about System Runlevel Changes...

Ubuntu 16.04.6 LTS ubuntu-xenial ttyS0

ubuntu-xenial login: [   41.593325] cloud-init[1390]: Generating locales (this might take a while)...
[   44.083180] cloud-init[1390]:   en_US.UTF-8... done
[   44.086870] cloud-init[1390]: Generation complete.
[   46.506726] cloud-init[1390]: Cloud-init v. 19.1-1-gbaa47854-0ubuntu1~16.04.1 running 'modules:config' at Thu, 13 Jun 2019 20:13:47 +0000. Up 40.90 seconds.
ci-info: no authorized ssh keys fingerprints found for user ubuntu.
<14>Jun 13 20:13:55 ec2: 
<14>Jun 13 20:13:55 ec2: #############################################################
<14>Jun 13 20:13:55 ec2: -----BEGIN SSH HOST KEY FINGERPRINTS-----
<14>Jun 13 20:13:55 ec2: 1024 SHA256:TrrTa44/vQ/02Lqto52FtX+zIOEiniRhXIGQSx+s+qQ root@ubuntu-xenial (DSA)
<14>Jun 13 20:13:55 ec2: 256 SHA256:VF/a9d1Qt+gxpR562OqIs+UydqPk943ITTcdHm8nxHI root@ubuntu-xenial (ECDSA)
<14>Jun 13 20:13:55 ec2: 256 SHA256:wdjuQ5CYrbrilooDj6N8+uP3jUSDg93HcCIJ8ST9pUI root@ubuntu-xenial (ED25519)
<14>Jun 13 20:13:55 ec2: 2048 SHA256:CBg/wmfhYWy+Q/yCkiEOQFj5reDxgLn/QiuOVTbHQFk root@ubuntu-xenial (RSA)
<14>Jun 13 20:13:55 ec2: -----END SSH HOST KEY FINGERPRINTS-----
<14>Jun 13 20:13:55 ec2: #############################################################
-----BEGIN SSH HOST KEY KEYS-----
ecdsa-sha2-nistp256 AAAAE2VjZHNhLXNoYTItbmlzdHAyNTYAAAAIbmlzdHAyNTYAAABBBPa62BCjvtsEsDHE87wvoLZ7ztSVBitjpPl6QZmftTFUmGjF3tc074hqaff0o+T/zpyo3gl+ns9ab4P92CKV5LE= root@ubuntu-xenial
ssh-ed25519 AAAAC3NzaC1lZDI1NTE5AAAAIDrmqvyQsakQIc4iKPv65NvTQ6FY0SlUAYgtiyvXDK9/ root@ubuntu-xenial
ssh-rsa AAAAB3NzaC1yc2EAAAADAQABAAABAQC3hkcgqZ1tSYU0Q+WAUmUjzevVYmTu7Em7LUqIxs9cjzqL+HDWoajAE/8lvy8QAfJlKLSQDLf3aRGdsdVxrclkZSgovTDkdBG3XRs6hfLPgyQaeg1TdcdfFNUm1zRjb9wTCMhGipBdEy+RqAxBDETD9D/p2zDHAebbcolmrVl5aMBQcqsU44FJZgwAS3Wjm1OsOTa7TctTsh23v/rOdwA4DaOakdL+pc8nXszQ8bymEiWx64oklSCf8Lece9DS2ypLRwjsXM1r98nx0jtdZCdyr9UE6o5Bc2yljdRnx1F1WSe79Hgm/MdZ8qCv+2HWXpVPPbFe+6hl2FvJa98S+sil root@ubuntu-xenial
-----END SSH HOST KEY KEYS-----
[   48.642855] cloud-init[1590]: Cloud-init v. 19.1-1-gbaa47854-0ubuntu1~16.04.1 running 'modules:final' at Thu, 13 Jun 2019 20:13:54 +0000. Up 47.91 seconds.
[   48.644418] cloud-init[1590]: ci-info: no authorized ssh keys fingerprints found for user ubuntu.
[   48.645087] cloud-init[1590]: Cloud-init v. 19.1-1-gbaa47854-0ubuntu1~16.04.1 finished at Thu, 13 Jun 2019 20:13:55 +0000. Datasource DataSourceNoCloud [seed=/dev/sdb][dsmode=net].  Up 48.61 seconds
